[debug] [2025-08-12T13:09:54.794Z] ----------------------------------------------------------------------
[debug] [2025-08-12T13:09:54.797Z] Command:       C:\Program Files\nodejs\node.exe C:\Users\GopiB\AppData\Roaming\npm\node_modules\firebase-tools\lib\bin\firebase.js init hosting
[debug] [2025-08-12T13:09:54.800Z] CLI Version:   14.12.0
[debug] [2025-08-12T13:09:54.801Z] Platform:      win32
[debug] [2025-08-12T13:09:54.801Z] Node Version:  v20.19.3
[debug] [2025-08-12T13:09:54.801Z] Time:          Tue Aug 12 2025 18:39:54 GMT+0530 (India Standard Time)
[debug] [2025-08-12T13:09:54.801Z] ----------------------------------------------------------------------
[debug] 
[debug] [2025-08-12T13:09:54.807Z] > command requires scopes: ["email","openid","https://www.googleapis.com/auth/cloudplatformprojects.readonly","https://www.googleapis.com/auth/firebase","https://www.googleapis.com/auth/cloud-platform"]
[debug] [2025-08-12T13:09:54.808Z] > authorizing via signed-in user (banothgopikrishna19@gmail.com)
[info] 
     ######## #### ########  ######## ########     ###     ######  ########
     ##        ##  ##     ## ##       ##     ##  ##   ##  ##       ##
     ######    ##  ########  ######   ########  #########  ######  ######
     ##        ##  ##    ##  ##       ##     ## ##     ##       ## ##
     ##       #### ##     ## ######## ########  ##     ##  ######  ########

You're about to initialize a Firebase project in this directory:

  C:\Users\GopiB\cursor\Gopi\portfolio

[info] 
=== Project Setup
[info] 
[info] First, let's associate this project directory with a Firebase project.
[info] You can create multiple project aliases by running firebase use --add, 
[info] but for now we'll just set up a default project.
[info] 
